app/build/outputs/mapping/release/seeds.txt
com.finsplit.app.activities.ProfileActivity
com.finsplit.app.activities.MainActivity
com.finsplit.app.activities.LoginActivity
com.finsplit.app.fragments.AddExpenseBottomSheet
com.finsplit.app.models.Expense
com.finsplit.app.activities.RegisterActivity
com.finsplit.app.models.Category
com.finsplit.app.activities.InviteSetupActivity
com.finsplit.app.activities.ExpenseHistoryActivity
com.finsplit.app.models.User
com.finsplit.app.activities.WeeklyReportActivity
com.finsplit.app.activities.SplashActivity
com.finsplit.app.activities.EmailLoginActivity
com.finsplit.app.models.Group
com.finsplit.app.models.WeeklyReport
com.finsplit.app.services.FinSplitMessagingService
com.finsplit.app.workers.WeeklyReportWorker
com.finsplit.app.activities.SettleUpActivity
com.finsplit.app.models.User: java.lang.String profilePicUrl
com.finsplit.app.models.WeeklyReport: java.lang.String userId
com.finsplit.app.models.Expense: java.lang.String title
com.finsplit.app.models.Category: com.finsplit.app.models.Category TRANSPORT
com.finsplit.app.models.User: java.lang.String email
com.finsplit.app.models.WeeklyReport: java.lang.String weekRange
com.finsplit.app.models.Expense: double amountPKR
com.finsplit.app.models.WeeklyReport: double totalOwedToUser
com.finsplit.app.models.Expense: java.lang.String expenseId
com.finsplit.app.models.Expense: java.lang.String groupId
com.finsplit.app.models.WeeklyReport: double totalOwed
com.finsplit.app.models.Expense: java.util.Date createdAt
com.finsplit.app.models.User: java.lang.String userId
com.finsplit.app.models.Group: java.lang.String groupName
com.finsplit.app.models.User: java.lang.String fcmToken
com.finsplit.app.models.Category: com.finsplit.app.models.Category OTHER
com.finsplit.app.models.User: java.lang.String defaultCurrency
com.finsplit.app.models.Category: com.finsplit.app.models.Category[] $VALUES
com.finsplit.app.models.Category: com.finsplit.app.models.Category FOOD
com.finsplit.app.models.Group: java.lang.String groupId
com.finsplit.app.models.Expense: java.lang.String paidByUid
com.finsplit.app.models.Category: com.finsplit.app.models.Category UTILITIES
com.finsplit.app.models.WeeklyReport: java.util.Date generatedAt
com.finsplit.app.models.Category: com.finsplit.app.models.Category RENT
com.finsplit.app.models.WeeklyReport: java.lang.String reportId
com.finsplit.app.models.WeeklyReport: double totalSpentPKR
com.finsplit.app.models.Group: java.util.List members
com.finsplit.app.models.User: java.lang.String displayName
com.finsplit.app.models.User: java.util.Date createdAt
com.finsplit.app.models.Expense: java.lang.String category
com.finsplit.app.workers.WeeklyReportWorker: int WEEKLY_NOTIF_ID
com.finsplit.app.models.Group: java.util.Map balances
com.finsplit.app.models.WeeklyReport: java.lang.String topCategory
com.finsplit.app.models.Expense: java.lang.String note
com.finsplit.app.models.Expense: void setGroupId(java.lang.String)
com.finsplit.app.models.Group: java.lang.String getGroupId()
com.finsplit.app.activities.WeeklyReportActivity: WeeklyReportActivity()
com.finsplit.app.models.User: void setDisplayName(java.lang.String)
com.finsplit.app.models.Expense: java.lang.String getCategory()
com.finsplit.app.models.WeeklyReport: double getTotalSpentPKR()
com.finsplit.app.models.User: java.lang.String getProfilePicUrl()
com.finsplit.app.workers.WeeklyReportWorker: androidx.work.ListenableWorker$Result doWork()
com.finsplit.app.models.Expense: Expense(java.lang.String,java.lang.String,double,java.lang.String,com.finsplit.app.models.Category,java.lang.String)
com.finsplit.app.models.WeeklyReport: WeeklyReport(java.lang.String,double,java.lang.String,double,double,java.lang.String)
com.finsplit.app.models.Expense: void setExpenseId(java.lang.String)
com.finsplit.app.models.User: void setFcmToken(java.lang.String)
com.finsplit.app.models.Expense: java.util.Date getCreatedAt()
com.finsplit.app.models.Expense: java.lang.String getGroupId()
...
com.google.firebase.appcheck.interop.BuildConfig: java.lang.String VERSION_NAME
com.google.android.material.floatingactionbutton.ExtendedFloatingActionButton: android.util.Property WIDTH
com.google.android.material.R$attr: int titleTextEllipsize
com.google.android.material.R$styleable: int ConstraintLayout_Layout_layout_constraintLeft_toRightOf
com.google.android.material.R$styleable: int RecyclerView_reverseLayout
com.google.android.material.R$attr: int actionOverflowButtonStyle
com.google.firebase.firestore.remote.AbstractStream$StreamObserver: com.google.firebase.firestore.remote.AbstractStream$CloseGuardedRunner dispatcher
com.google.firebase.messaging.NotificationParams: int EMPTY_JSON_ARRAY_LENGTH
com.google.android.material.timepicker.MaterialTimePicker: int negativeButtonTextResId
com.google.firebase.installations.remote.FirebaseInstallationServiceClient: java.lang.String ACCEPT_HEADER_KEY
com.google.firebase.auth.internal.zze: java.lang.String zzb
com.google.android.material.R$styleable: int ImageFilterView_imageZoom
com.google.android.material.transition.platform.FadeThroughProvider$1: float val$startValue
com.google.android.recaptcha.internal.zzbp: java.lang.Object zzb
com.google.android.material.R$attr: int flow_horizontalStyle
com.google.firebase.database.collection.R$styleable: int CoordinatorLayout_Layout_layout_insetEdge
com.google.android.material.R$styleable: int Layout_layout_constraintVertical_bias
com.google.firebase.auth.internal.zzbr: com.google.android.recaptcha.RecaptchaAction zzc
com.google.android.play.core.integrity.bp: com.google.android.play.integrity.internal.an d
com.google.firebase.firestore.core.ComponentProvider: com.google.firebase.firestore.local.Persistence persistence
com.google.android.material.R$attr: int motionDurationMedium4
com.google.android.material.datepicker.MonthsPagerAdapter: int itemHeight
com.google.android.recaptcha.internal.zzcu: com.google.android.recaptcha.internal.zzcv zzb
com.google.firebase.firestore.pipeline.evaluation.UtilsKt$variadicNullableValueFunction$$inlined$variadicResultFunction$1$1: java.util.List $params
com.google.android.material.R$attr: int checkedIconTint
com.google.android.material.R$drawable: int abc_ic_arrow_drop_right_black_24dp
com.google.android.material.internal.NavigationMenuPresenter$NavigationMenuAdapter: int VIEW_TYPE_SEPARATOR
com.google.firebase.database.collection.R$styleable: int[] FontFamily
com.google.android.material.internal.CheckableImageButton$SavedState: android.os.Parcelable$Creator CREATOR
com.google.android.material.R$dimen: int m3_navigation_rail_elevation
com.google.android.material.R$color: int m3_ref_palette_dynamic_neutral20
com.google.android.material.R$style: int Widget_Material3_MaterialCalendar_DayOfWeekLabel
com.google.android.material.R$styleable: int TabLayout_tabPaddingBottom
com.google.firebase.firestore.Pipeline: com.google.firebase.firestore.FirebaseFirestore firestore
com.google.firebase.firestore.util.AsyncQueue$TimerId: com.google.firebase.firestore.util.AsyncQueue$TimerId GARBAGE_COLLECTION
com.google.android.material.R$style: int CardView
com.google.android.material.R$attr: int waveShape
com.google.android.material.timepicker.TimePickerClockPresenter: int DEGREES_PER_MINUTE
com.google.firestore.v1.WriteRequest: com.google.protobuf.MapFieldLite labels_
com.google.android.material.timepicker.MaterialTimePicker: java.lang.String TITLE_RES_EXTRA
com.google.android.material.R$attr: int layout_constraintCircleRadius
com.google.android.material.R$color: int material_personalized_hint_foreground
com.google.android.material.R$color: int material_personalized_color_on_primary
com.google.android.recaptcha.internal.zzmu: com.google.android.recaptcha.internal.zzmu zzB
com.google.firebase.appcheck.interop.R$styleable: int GradientColorItem_android_color
com.google.android.material.resources.TextAppearance: android.content.res.ColorStateList textColorLink