app/build/outputs/mapping/release/mapping.txt
# compiler: R8
# compiler_version: 8.2.47
# min_api: 24
# common_typos_disable
# {"id":"com.android.tools.r8.mapping","version":"2.2"}
# pg_map_id: f57d1c0
# pg_map_hash: SHA-256 f57d1c01de9173dd61394ead826692dd8cdd179484ae5d1af0ed5667659eb56f
com.finsplit.app.activities.BaseActivity -> c3.a:
# {"id":"sourceFile","fileName":"BaseActivity.java"}
    1:3:void androidx.appcompat.app.AppCompatActivity.<init>():0:0 -> <init>
    1:3:void <init>():0 -> <init>
    4:26:void androidx.appcompat.app.AppCompatActivity.initDelegate():0:0 -> <init>
    4:26:void androidx.appcompat.app.AppCompatActivity.<init>():0 -> <init>
    4:26:void <init>():0 -> <init>
    1:1:boolean requiresAuth():0:0 -> k
    1:1:void onCreate(android.os.Bundle):0:0 -> onCreate
    10:20:boolean com.finsplit.app.activities.BaseActivity.isAuthenticated():0:0 -> onStart
    10:20:void onStart():0 -> onStart
    21:40:void com.finsplit.app.activities.BaseActivity.redirectToLogin():0:0 -> onStart
    21:40:void onStart():0 -> onStart
com.finsplit.app.activities.EmailLoginActivity -> com.finsplit.app.activities.EmailLoginActivity:
# {"id":"sourceFile","fileName":"EmailLoginActivity.java"}
    com.google.firebase.auth.FirebaseAuth firebaseAuth -> b
    com.finsplit.app.repositories.UserRepository userRepository -> c
      # {"id":"com.android.tools.r8.residualsignature","signature":"Lf3/h;"}
    com.finsplit.app.utils.SessionManager sessionManager -> d
      # {"id":"com.android.tools.r8.residualsignature","signature":"Lg/x0;"}
    com.google.android.material.textfield.TextInputLayout tilEmail -> e
    com.google.android.material.textfield.TextInputLayout tilPassword -> f
    com.google.android.material.textfield.TextInputEditText etEmail -> r
    com.google.android.material.textfield.TextInputEditText etPassword -> s
    android.view.View btnSignIn -> t
    android.widget.ProgressBar progressBar -> u
    int $r8$clinit -> v
      # {"id":"com.android.tools.r8.synthesized"}
    1:1:void onFailure(java.lang.String):0:0 -> a
    7:10:void com.finsplit.app.utils.SessionManager.saveUserId(java.lang.String):0:0 -> b
    7:10:void onSuccess(com.finsplit.app.models.User):0 -> b
      # {"id":"com.android.tools.r8.rewriteFrame","conditions":["throws(Ljava/lang/NullPointerException;)"],"actions":["removeInnerFrames(1)"]}
    11:24:void com.finsplit.app.utils.SessionManager.saveUserId(java.lang.String):0:0 -> b
    11:24:void onSuccess(com.finsplit.app.models.User):0 -> b
com.finsplit.app.activities.EmailLoginActivity$$ExternalSyntheticLambda0 -> c3.b:
# {"id":"sourceFile","fileName":"R8$$SyntheticClass"}
# {"id":"com.android.tools.r8.synthesized"}
    int com.finsplit.app.activities.EmailLoginActivity$$InternalSyntheticLambda$1$15c14e7ce85dc8076f44913ca0d391fed392855c83011a71eb19ab0546847868$0.$r8$classId -> a
      # {"id":"com.android.tools.r8.synthesized"}
    com.finsplit.app.activities.EmailLoginActivity com.finsplit.app.activities.EmailLoginActivity$$InternalSyntheticLambda$1$15c14e7ce85dc8076f44913ca0d391fed392855c83011a71eb19ab0546847868$0.f$0 -> b
      # {"id":"com.android.tools.r8.synthesized"}
    1:8:void com.finsplit.app.activities.EmailLoginActivity$$InternalSyntheticLambda$1$15c14e7ce85dc8076f44913ca0d391fed392855c83011a71eb19ab0546847868$0.<init>(com.finsplit.app.activities.EmailLoginActivity):0:0 -> <init>
    1:8:void com.finsplit.app.activities.EmailLoginActivity$$InternalSyntheticLambda$1$15c14e7ce85dc8076f44913ca0d391fed392855c83011a71eb19ab0546847868$0.$r8$init$synthetic(com.finsplit.app.activities.EmailLoginActivity,int):0 -> <init>
      # {"id":"com.android.tools.r8.synthesized"}
    13:23:void com.finsplit.app.activities.EmailLoginActivity.lambda$onCreate$2(android.view.View):0:0 -> onClick
    13:23:void com.finsplit.app.activities.EmailLoginActivity$$InternalSyntheticLambda$1$15c14e7ce85dc8076f44913ca0d391fed392855c83011a71eb19ab0546847868$0.onClick$bridge(android.view.View):0 -> onClick
...
com.google.firebase.firestore.pipeline.evaluation.UtilsKt$comparison$$inlined$binaryValueValueFunction$1 -> com.google.firebase.firestore.pipeline.evaluation.UtilsKt$comparison$$inlined$binaryValueValueFunction$1:
# {"id":"sourceFile","fileName":"Utils.kt"}
    kotlin.jvm.functions.Function2 $f$inlined -> $f$inlined
      # {"id":"com.android.tools.r8.residualsignature","signature":"Lm6/o;"}
    1:1:void <init>(kotlin.jvm.functions.Function2):0:0 -> <init>
      # {"id":"com.android.tools.r8.residualsignature","signature":"(Lm6/o;)V"}
    1:1:java.lang.Object invoke(java.lang.Object):0:0 -> invoke
    2:2:kotlin.jvm.functions.Function1 invoke(java.util.List):0:0 -> invoke
com.google.firebase.firestore.pipeline.evaluation.UtilsKt$comparison$$inlined$binaryValueValueFunction$1$1 -> com.google.firebase.firestore.pipeline.evaluation.UtilsKt$comparison$$inlined$binaryValueValueFunction$1$1:
# {"id":"sourceFile","fileName":"Utils.kt"}
    kotlin.jvm.functions.Function2 $f$inlined -> $f$inlined
      # {"id":"com.android.tools.r8.residualsignature","signature":"Lm6/o;"}
    1:1:void <init>(kotlin.jvm.functions.Function1,kotlin.jvm.functions.Function1,kotlin.jvm.functions.Function2):0:0 -> <init>
      # {"id":"com.android.tools.r8.residualsignature","signature":"(Lkotlin/jvm/functions/Function1;Lkotlin/jvm/functions/Function1;Lm6/o;)V"}
    1:1:com.google.firebase.firestore.pipeline.evaluation.EvaluateResult invoke(com.google.firebase.firestore.model.MutableDocument):0:0 -> invoke
    2:2:java.lang.Object invoke(java.lang.Object):0:0 -> invoke
com.google.firebase.firestore.pipeline.evaluation.UtilsKt$notImplemented$1 -> com.google.firebase.firestore.pipeline.evaluation.UtilsKt$notImplemented$1:
# {"id":"sourceFile","fileName":"Utils.kt"}
    1:1:java.lang.Object invoke(java.lang.Object):0:0 -> invoke
    2:2:void kotlin.NotImplementedError.<init>(java.lang.String,int,kotlin.jvm.internal.DefaultConstructorMarker):0:0 -> invoke
    2:2:java.lang.Void invoke(java.util.List):0 -> invoke
    3:3:java.lang.Void invoke(java.util.List):0:0 -> invoke
com.google.firebase.firestore.pipeline.evaluation.UtilsKt$ternaryLazyFunction$1 -> com.google.firebase.firestore.pipeline.evaluation.UtilsKt$ternaryLazyFunction$1:
# {"id":"sourceFile","fileName":"Utils.kt"}
    kotlin.jvm.functions.Function3 $function -> $function
      # {"id":"com.android.tools.r8.residualsignature","signature":"Lm6/p;"}
    1:1:void <init>(kotlin.jvm.functions.Function3):0:0 -> <init>
      # {"id":"com.android.tools.r8.residualsignature","signature":"(Lm6/p;)V"}
    1:1:java.lang.Object invoke(java.lang.Object):0:0 -> invoke
    2:2:kotlin.jvm.functions.Function1 invoke(java.util.List):0:0 -> invoke
com.google.firebase.firestore.pipeline.evaluation.UtilsKt$ternaryLazyFunction$1$1 -> com.google.firebase.firestore.pipeline.evaluation.UtilsKt$ternaryLazyFunction$1$1:
# {"id":"sourceFile","fileName":"Utils.kt"}
    kotlin.jvm.functions.Function3 $function -> $function
      # {"id":"com.android.tools.r8.residualsignature","signature":"Lm6/p;"}
    1:1:void <init>(kotlin.jvm.functions.Function3,kotlin.jvm.functions.Function1,kotlin.jvm.functions.Function1,kotlin.jvm.functions.Function1):0:0 -> <init>
      # {"id":"com.android.tools.r8.residualsignature","signature":"(Lm6/p;Lkotlin/jvm/functions/Function1;Lkotlin/jvm/functions/Function1;Lkotlin/jvm/functions/Function1;)V"}
    1:1:com.google.firebase.firestore.pipeline.evaluation.EvaluateResult invoke(com.google.firebase.firestore.model.MutableDocument):0:0 -> invoke
    2:2:java.lang.Object invoke(java.lang.Object):0:0 -> invoke
com.google.firebase.firestore.pipeline.evaluation.UtilsKt$ternaryLazyFunction$1$1$1$1 -> com.google.firebase.firestore.pipeline.evaluation.UtilsKt$ternaryLazyFunction$1$1$1$1:
# {"id":"sourceFile","fileName":"Utils.kt"}
    1:1:com.google.firebase.firestore.pipeline.evaluation.EvaluateResult invoke():0:0 -> invoke
    2:2:java.lang.Object invoke():0:0 -> invoke