app/build/outputs/mapping/release/usage.txt
com.finsplit.app.R$array
com.finsplit.app.R$color:
    public static int bottom_nav_tint
    public static int chip_bg_selector
    public static int chip_stroke_selector
    public static int color_background
    public static int color_error_container
    public static int color_on_error
    public static int color_on_error_container
    public static int color_on_secondary
    public static int color_on_secondary_container
    public static int color_on_surface
    public static int color_on_surface_variant
    public static int color_on_tertiary
    public static int color_on_tertiary_container
    public static int color_outline_variant
    public static int color_primary
    public static int color_surface
    public static int color_tertiary_container
    public static int text_hint
    public static int text_input_box_stroke
    public static int text_input_label
    public static int text_secondary
    private void <init>()
com.finsplit.app.R$drawable:
    public static int bg_bottom_sheet
    public static int bg_card_white
    public static int bg_chip_selected
    public static int bg_chip_unselected
    public static int bg_handle_bar
    public static int bg_pill_filled
    public static int bg_pill_outline
    public static int ic_add
    public static int ic_arrow_back
    public static int ic_arrow_forward
    public static int ic_currency
    public static int ic_email
    public static int ic_google_logo
    public static int ic_launcher_background
    public static int ic_launcher_foreground
    public static int ic_person
    public static int ic_receipt
    public static int ic_share
    public static int progress_bar_orange
    public static int shimmer_circle
    public static int shimmer_rect
    private void <init>()
com.finsplit.app.R$font
com.finsplit.app.R$id:
    public static int app_bar
    public static int card_balance
    public static int iv_arrow
    public static int iv_logo
    public static int nav_expenses
    public static int row_meta
    public static int row_net_balance
    public static int row_or
    public static int scroll_content
    public static int tv_app_name
    public static int tv_category_date
    public static int tv_headline
    public static int tv_subtitle
    public static int tv_toolbar_title
    private void <init>()
com.finsplit.app.R$layout:
    public static int item_shimmer_row
    public static int layout_shimmer_skeleton
    private void <init>()
com.finsplit.app.R$menu
com.finsplit.app.R$mipmap
...
com.bumptech.glide.load.resource.bitmap.VideoDecoder$VideoDecoderException
com.bumptech.glide.load.resource.bitmap.VideoDecoder:
    public static boolean isUnsupportedFormat()
com.bumptech.glide.load.resource.bytes.ByteBufferRewinder$Factory
com.bumptech.glide.load.resource.bytes.ByteBufferRewinder
com.bumptech.glide.load.resource.bytes.BytesResource
com.bumptech.glide.load.resource.drawable.AnimatedImageDecoder$AnimatedImageDrawableResource
com.bumptech.glide.load.resource.drawable.AnimatedImageDecoder$ByteBufferAnimatedImageDecoder:
    public final com.bumptech.glide.load.engine.Resource decode()
    public final com.bumptech.glide.load.engine.Resource decode$2()
    public final boolean handles$1()
    public final boolean handles$4()
com.bumptech.glide.load.resource.drawable.AnimatedImageDecoder$StreamAnimatedImageDecoder
com.bumptech.glide.load.resource.drawable.AnimatedImageDecoder
com.bumptech.glide.load.resource.drawable.DrawableDecoderCompat:
    static void <clinit>()
com.bumptech.glide.load.resource.drawable.DrawableResource:
    public abstract android.graphics.drawable.Drawable get()
    public abstract void initialize()
com.bumptech.glide.load.resource.drawable.NonOwnedDrawableResource:
    private static java.lang.Class getResourceClass$com$bumptech$glide$load$resource$gif$GifDrawableResource()
    public static com.bumptech.glide.load.resource.drawable.NonOwnedDrawableResource newInstance(android.graphics.drawable.Drawable)
com.bumptech.glide.load.resource.drawable.ResourceDrawableDecoder:
    public static android.content.Context findContextForPackage()
    public static int findResourceIdFromResourceIdUri()
    public static int findResourceIdFromTypeAndNameResourceUri()
    public static int findResourceIdFromUri()
    public final boolean handles()
com.bumptech.glide.load.resource.drawable.UnitDrawableDecoder
com.bumptech.glide.load.resource.file.FileDecoder
com.bumptech.glide.load.resource.file.FileResource
com.bumptech.glide.load.resource.gif.ByteBufferGifDecoder$GifDecoderFactory
com.bumptech.glide.load.resource.gif.ByteBufferGifDecoder$GifHeaderParserPool
com.bumptech.glide.load.resource.gif.ByteBufferGifDecoder:
    public static com.bumptech.glide.load.resource.drawable.NonOwnedDrawableResource decode()
    public final boolean handles$4()
com.bumptech.glide.load.resource.gif.GifBitmapProvider
com.bumptech.glide.load.resource.gif.GifDrawable:
    public java.util.List animationCallbacks
    public static android.graphics.drawable.Drawable$Callback findCallback()
    public final java.nio.ByteBuffer getBuffer()
    public final android.graphics.Rect getDestRect()
    public final android.graphics.Bitmap getFirstFrame()
    public static int getFrameCount()
    public static int getFrameIndex()
    public final android.graphics.Paint getPaint()
    public static int getSize()
    public static void notifyAnimationEndToListeners()
    public final void onFrameReady()
    public static void recycle()
    public static void resetLoopCount()
    public static void setFrameTransformation()
    public final void stopRunning()
com.bumptech.glide.load.resource.gif.GifDrawableEncoder
com.bumptech.glide.load.resource.gif.GifDrawableResource